execve("./test_ac", ["./test_ac"], 0x7ffe33c92d30 /* 21 vars */) = 0
brk(NULL)                               = 0x16549000
brk(0x16549d00)                         = 0x16549d00
arch_prctl(ARCH_SET_FS, 0x16549380)     = 0
set_tid_address(0x16549650)             = 13522
set_robust_list(0x16549660, 24)         = 0
rseq(0x16549ca0, 0x20, 0, 0x53053053)   = 0
prlimit64(0, RLIMIT_STACK, NULL, {rlim_cur=8192*1024, rlim_max=RLIM64_INFINITY}) = 0
readlinkat(AT_FDCWD, "/proc/self/exe", "/mnt/c/Users/baseg/OneDrive/\353\260\224\355"..., 4096) = 61
getrandom("\x2f\x37\x85\x50\xba\x7c\xdf\xb5", 8, GRND_NONBLOCK) = 8
brk(NULL)                               = 0x16549d00
brk(0x1656ad00)                         = 0x1656ad00
brk(0x1656b000)                         = 0x1656b000
mprotect(0x4c4000, 20480, PROT_READ)    = 0
fstat(0, {st_mode=S_IFREG|0777, st_size=6, ...}) = 0
read(0, "10 20\n", 4096)                = 6
fstat(1, {st_mode=S_IFIFO|0600, st_size=0, ...}) = 0
read(0, "", 4096)                       = 0
write(1, "10\n20\n", 6)                 = 6
exit_group(0)                           = ?
+++ exited with 0 +++
